<?xml version="1.0" encoding="UTF-8"?>
<!-- Generated by org.testng.reporters.JUnitReportReporter -->
<testsuite skipped="0" hostname="SARANG-PC" name="AppOne" tests="8" failures="0" timestamp="01 Jun 2017 01:13:54 GMT" time="0.025" errors="0">
  <testcase name="TestTwo" time="0.001" classname="AppOne"/>
  <testcase name="TestOne" time="0.004" classname="AppOne"/>
  <testcase name="TestThree" time="0.002" classname="AppOne"/>
  <testcase name="TestA" time="0.008" classname="AppOne"/>
  <testcase name="TestA" time="0.003" classname="AppOne"/>
  <testcase name="TestB" time="0.002" classname="AppOne"/>
  <testcase name="TestFour" time="0.002" classname="AppOne"/>
  <testcase name="TestB" time="0.003" classname="AppOne"/>
</testsuite> <!-- AppOne -->
