<?xml version="1.0" encoding="UTF-8"?>
<!-- Generated by org.testng.reporters.JUnitReportReporter -->
<testsuite skipped="0" hostname="SARANG-PC" name="AppOne" tests="2" failures="0" timestamp="25 May 2017 00:10:44 GMT" time="0.034" errors="0">
  <testcase name="TestOne" time="0.032" classname="AppOne"/>
  <testcase name="TestTwo" time="0.002" classname="AppOne"/>
</testsuite> <!-- AppOne -->
