<?xml version="1.0" encoding="UTF-8"?>
<!-- Generated by org.testng.reporters.JUnitReportReporter -->
<testsuite skipped="0" hostname="SARANG-PC" name="ParameterizedTestExample" tests="2" failures="0" timestamp="01 Jun 2017 01:05:47 GMT" time="0.014" errors="0">
  <testcase name="Test1" time="0.002" classname="ParameterizedTestExample"/>
  <testcase name="Test1" time="0.012" classname="ParameterizedTestExample"/>
</testsuite> <!-- ParameterizedTestExample -->
