<?xml version="1.0" encoding="UTF-8"?>
<!-- Generated by org.testng.reporters.JUnitReportReporter -->
<testsuite skipped="0" hostname="SARANG-PC" name="performanceTestingExample" tests="100" failures="0" timestamp="01 Jun 2017 01:45:40 GMT" time="1.707" errors="0">
  <testcase name="TestA" time="0.016" classname="performanceTestingExample"/>
  <testcase name="TestA" time="0.015" classname="performanceTestingExample"/>
  <testcase name="TestA" time="0.094" classname="performanceTestingExample"/>
  <testcase name="TestA" time="0.006" classname="performanceTestingExample"/>
  <testcase name="TestA" time="0.003" classname="performanceTestingExample"/>
  <testcase name="TestA" time="0.001" classname="performanceTestingExample"/>
  <testcase name="TestA" time="0.001" classname="performanceTestingExample"/>
  <testcase name="TestA" time="0.003" classname="performanceTestingExample"/>
  <testcase name="TestA" time="0.005" classname="performanceTestingExample"/>
  <testcase name="TestA" time="0.001" classname="performanceTestingExample"/>
  <testcase name="TestA" time="0.043" classname="performanceTestingExample"/>
  <testcase name="TestA" time="0.003" classname="performanceTestingExample"/>
  <testcase name="TestA" time="0.001" classname="performanceTestingExample"/>
  <testcase name="TestA" time="0.013" classname="performanceTestingExample"/>
  <testcase name="TestA" time="0.042" classname="performanceTestingExample"/>
  <testcase name="TestA" time="0.020" classname="performanceTestingExample"/>
  <testcase name="TestA" time="0.001" classname="performanceTestingExample"/>
  <testcase name="TestA" time="0.002" classname="performanceTestingExample"/>
  <testcase name="TestA" time="0.024" classname="performanceTestingExample"/>
  <testcase name="TestA" time="0.001" classname="performanceTestingExample"/>
  <testcase name="TestA" time="0.002" classname="performanceTestingExample"/>
  <testcase name="TestA" time="0.085" classname="performanceTestingExample"/>
  <testcase name="TestA" time="0.003" classname="performanceTestingExample"/>
  <testcase name="TestA" time="0.060" classname="performanceTestingExample"/>
  <testcase name="TestA" time="0.002" classname="performanceTestingExample"/>
  <testcase name="TestA" time="0.009" classname="performanceTestingExample"/>
  <testcase name="TestA" time="0.015" classname="performanceTestingExample"/>
  <testcase name="TestA" time="0.012" classname="performanceTestingExample"/>
  <testcase name="TestA" time="0.001" classname="performanceTestingExample"/>
  <testcase name="TestA" time="0.001" classname="performanceTestingExample"/>
  <testcase name="TestA" time="0.022" classname="performanceTestingExample"/>
  <testcase name="TestA" time="0.015" classname="performanceTestingExample"/>
  <testcase name="TestA" time="0.001" classname="performanceTestingExample"/>
  <testcase name="TestA" time="0.002" classname="performanceTestingExample"/>
  <testcase name="TestA" time="0.017" classname="performanceTestingExample"/>
  <testcase name="TestA" time="0.002" classname="performanceTestingExample"/>
  <testcase name="TestA" time="0.016" classname="performanceTestingExample"/>
  <testcase name="TestA" time="0.018" classname="performanceTestingExample"/>
  <testcase name="TestA" time="0.033" classname="performanceTestingExample"/>
  <testcase name="TestA" time="0.006" classname="performanceTestingExample"/>
  <testcase name="TestA" time="0.020" classname="performanceTestingExample"/>
  <testcase name="TestA" time="0.004" classname="performanceTestingExample"/>
  <testcase name="TestA" time="0.003" classname="performanceTestingExample"/>
  <testcase name="TestA" time="0.002" classname="performanceTestingExample"/>
  <testcase name="TestA" time="0.023" classname="performanceTestingExample"/>
  <testcase name="TestA" time="0.027" classname="performanceTestingExample"/>
  <testcase name="TestA" time="0.001" classname="performanceTestingExample"/>
  <testcase name="TestA" time="0.001" classname="performanceTestingExample"/>
  <testcase name="TestA" time="0.005" classname="performanceTestingExample"/>
  <testcase name="TestA" time="0.001" classname="performanceTestingExample"/>
  <testcase name="TestA" time="0.001" classname="performanceTestingExample"/>
  <testcase name="TestA" time="0.008" classname="performanceTestingExample"/>
  <testcase name="TestA" time="0.003" classname="performanceTestingExample"/>
  <testcase name="TestA" time="0.020" classname="performanceTestingExample"/>
  <testcase name="TestA" time="0.001" classname="performanceTestingExample"/>
  <testcase name="TestA" time="0.008" classname="performanceTestingExample"/>
  <testcase name="TestA" time="0.018" classname="performanceTestingExample"/>
  <testcase name="TestA" time="0.001" classname="performanceTestingExample"/>
  <testcase name="TestA" time="0.001" classname="performanceTestingExample"/>
  <testcase name="TestA" time="0.003" classname="performanceTestingExample"/>
  <testcase name="TestA" time="0.105" classname="performanceTestingExample"/>
  <testcase name="TestA" time="0.002" classname="performanceTestingExample"/>
  <testcase name="TestA" time="0.014" classname="performanceTestingExample"/>
  <testcase name="TestA" time="0.001" classname="performanceTestingExample"/>
  <testcase name="TestA" time="0.006" classname="performanceTestingExample"/>
  <testcase name="TestA" time="0.105" classname="performanceTestingExample"/>
  <testcase name="TestA" time="0.002" classname="performanceTestingExample"/>
  <testcase name="TestA" time="0.136" classname="performanceTestingExample"/>
  <testcase name="TestA" time="0.000" classname="performanceTestingExample"/>
  <testcase name="TestA" time="0.070" classname="performanceTestingExample"/>
  <testcase name="TestA" time="0.001" classname="performanceTestingExample"/>
  <testcase name="TestA" time="0.011" classname="performanceTestingExample"/>
  <testcase name="TestA" time="0.002" classname="performanceTestingExample"/>
  <testcase name="TestA" time="0.001" classname="performanceTestingExample"/>
  <testcase name="TestA" time="0.002" classname="performanceTestingExample"/>
  <testcase name="TestA" time="0.030" classname="performanceTestingExample"/>
  <testcase name="TestA" time="0.003" classname="performanceTestingExample"/>
  <testcase name="TestA" time="0.001" classname="performanceTestingExample"/>
  <testcase name="TestA" time="0.004" classname="performanceTestingExample"/>
  <testcase name="TestA" time="0.018" classname="performanceTestingExample"/>
  <testcase name="TestA" time="0.024" classname="performanceTestingExample"/>
  <testcase name="TestA" time="0.003" classname="performanceTestingExample"/>
  <testcase name="TestA" time="0.106" classname="performanceTestingExample"/>
  <testcase name="TestA" time="0.005" classname="performanceTestingExample"/>
  <testcase name="TestA" time="0.029" classname="performanceTestingExample"/>
  <testcase name="TestA" time="0.003" classname="performanceTestingExample"/>
  <testcase name="TestA" time="0.008" classname="performanceTestingExample"/>
  <testcase name="TestA" time="0.052" classname="performanceTestingExample"/>
  <testcase name="TestA" time="0.002" classname="performanceTestingExample"/>
  <testcase name="TestA" time="0.002" classname="performanceTestingExample"/>
  <testcase name="TestA" time="0.025" classname="performanceTestingExample"/>
  <testcase name="TestA" time="0.006" classname="performanceTestingExample"/>
  <testcase name="TestA" time="0.023" classname="performanceTestingExample"/>
  <testcase name="TestA" time="0.004" classname="performanceTestingExample"/>
  <testcase name="TestA" time="0.001" classname="performanceTestingExample"/>
  <testcase name="TestA" time="0.006" classname="performanceTestingExample"/>
  <testcase name="TestA" time="0.008" classname="performanceTestingExample"/>
  <testcase name="TestA" time="0.001" classname="performanceTestingExample"/>
  <testcase name="TestA" time="0.007" classname="performanceTestingExample"/>
  <testcase name="TestA" time="0.110" classname="performanceTestingExample"/>
</testsuite> <!-- performanceTestingExample -->
