<?xml version="1.0" encoding="UTF-8"?>
<!-- Generated by org.testng.reporters.JUnitReportReporter -->
<testsuite skipped="0" hostname="SARANG-PC" name="AppOne" tests="4" failures="0" timestamp="25 May 2017 00:20:30 GMT" time="0.014" errors="0">
  <testcase name="TestFour" time="0.008" classname="AppOne"/>
  <testcase name="TestTwo" time="0.001" classname="AppOne"/>
  <testcase name="TestOne" time="0.002" classname="AppOne"/>
  <testcase name="TestThree" time="0.003" classname="AppOne"/>
</testsuite> <!-- AppOne -->
