<?xml version="1.0" encoding="UTF-8"?>
<!-- Generated by org.testng.reporters.JUnitReportReporter -->
<testsuite hostname="SARANG-PC" name="com.sarangjaiswal.restassured.Examples" tests="1" failures="0" timestamp="23 Jun 2017 20:43:40 GMT" time="2.654" errors="0">
  <testcase name="checkstatus" time="2.654" classname="com.sarangjaiswal.restassured.Examples"/>
</testsuite> <!-- com.sarangjaiswal.restassured.Examples -->
