<?xml version="1.0" encoding="UTF-8"?>
<!-- Generated by org.testng.reporters.JUnitReportReporter -->
<testsuite hostname="SARANG-PC" name="com.sarangjaiswal.core.ddf.testcases.DummyTestB" tests="2" failures="0" timestamp="14 Jun 2017 14:14:29 GMT" time="6.024" errors="0">
  <testcase name="TestA" time="3.018" classname="com.sarangjaiswal.core.ddf.testcases.DummyTestB"/>
  <testcase name="TestB" time="3.006" classname="com.sarangjaiswal.core.ddf.testcases.DummyTestB"/>
</testsuite> <!-- com.sarangjaiswal.core.ddf.testcases.DummyTestB -->
