<?xml version="1.0" encoding="UTF-8"?>
<!-- Generated by org.testng.reporters.JUnitReportReporter -->
<testsuite hostname="SARANG-PC" name="com.sarangjaiswal.core.ddf.testcases.DummyTestA" tests="2" failures="0" timestamp="14 Jun 2017 14:14:29 GMT" time="6.020" errors="0">
  <testcase name="TestA" time="3.018" classname="com.sarangjaiswal.core.ddf.testcases.DummyTestA"/>
  <testcase name="TestB" time="3.002" classname="com.sarangjaiswal.core.ddf.testcases.DummyTestA"/>
</testsuite> <!-- com.sarangjaiswal.core.ddf.testcases.DummyTestA -->
