<?xml version="1.0" encoding="UTF-8"?>
<!-- Generated by org.testng.reporters.JUnitReportReporter -->
<testsuite skipped="0" hostname="SARANG-PC" name="PlaywithTextField" tests="1" failures="0" timestamp="02 Jun 2017 11:42:54 GMT" time="16.497" errors="0">
  <testcase name="Test_TextField" time="16.497" classname="PlaywithTextField"/>
</testsuite> <!-- PlaywithTextField -->
