<?xml version="1.0" encoding="UTF-8"?>
<!-- Generated by org.testng.reporters.JUnitReportReporter -->
<testsuite skipped="0" hostname="SARANG-PC" name="BrowserTest" tests="1" failures="0" timestamp="02 Jun 2017 11:01:41 GMT" time="31.305" errors="0">
  <testcase name="launchChrome" time="31.305" classname="BrowserTest"/>
</testsuite> <!-- BrowserTest -->
