<?xml version="1.0" encoding="UTF-8"?>
<!-- Generated by org.testng.reporters.JUnitReportReporter -->
<testsuite skipped="0" hostname="SARANG-PC" name="TestBing" tests="1" failures="0" timestamp="06 Jun 2017 22:29:20 GMT" time="26.279" errors="0">
  <testcase name="BingTest" time="26.279" classname="TestBing"/>
</testsuite> <!-- TestBing -->
