<?xml version="1.0" encoding="UTF-8"?>
<!-- Generated by org.testng.reporters.JUnitReportReporter -->
<testsuite skipped="0" hostname="SARANG-PC" name="AllElements" tests="1" failures="0" timestamp="02 Jun 2017 20:50:48 GMT" time="54.662" errors="0">
  <testcase name="getAllLinks" time="54.662" classname="AllElements"/>
</testsuite> <!-- AllElements -->
