<?xml version="1.0" encoding="UTF-8"?>
<!-- Generated by org.testng.reporters.JUnitReportReporter -->
<testsuite hostname="SARANG-PC" name="com.sarangjaiswal.pom.testcases.ProfileTest" tests="1" failures="0" timestamp="14 Jun 2017 18:21:36 GMT" time="28.507" errors="0">
  <testcase name="testProfile" time="28.507" classname="com.sarangjaiswal.pom.testcases.ProfileTest"/>
</testsuite> <!-- com.sarangjaiswal.pom.testcases.ProfileTest -->
