<?xml version="1.0" encoding="UTF-8"?>
<!-- Generated by org.testng.reporters.JUnitReportReporter -->
<testsuite hostname="SARANG-PC" name="com.sarangjaiswal.POM.testcases.LoginTest" tests="1" failures="0" timestamp="18 Jun 2017 21:51:10 GMT" time="51.195" errors="0">
  <testcase name="logintest" time="51.195" classname="com.sarangjaiswal.POM.testcases.LoginTest"/>
</testsuite> <!-- com.sarangjaiswal.POM.testcases.LoginTest -->
