<?xml version="1.0" encoding="UTF-8"?>
<!-- Generated by org.testng.reporters.JUnitReportReporter -->
<testsuite hostname="SARANG-PC" name="com.sarangjaiswal.POM.testcases.LoginTest" tests="1" failures="0" timestamp="18 Jun 2017 19:42:28 GMT" time="73.436" errors="0">
  <testcase name="logintest" time="73.436" classname="com.sarangjaiswal.POM.testcases.LoginTest"/>
</testsuite> <!-- com.sarangjaiswal.POM.testcases.LoginTest -->
