<?xml version="1.0" encoding="UTF-8"?>
<!-- Generated by org.testng.reporters.JUnitReportReporter -->
<testsuite hostname="SARANG-PC" name="playground.childclassexample" tests="1" failures="0" timestamp="18 Jun 2017 19:40:04 GMT" time="0.011" errors="0">
  <testcase name="test1" time="0.011" classname="playground.childclassexample"/>
</testsuite> <!-- playground.childclassexample -->
