<?xml version="1.0" encoding="UTF-8"?>
<!-- Generated by org.testng.reporters.JUnitReportReporter -->
<testsuite hostname="SARANG-PC" name="com.sarangjaiswal.POM.pages.LandingPage" tests="1" failures="0" timestamp="18 Jun 2017 17:08:58 GMT" time="28.871" errors="0">
  <testcase name="landingpage" time="28.871" classname="com.sarangjaiswal.POM.pages.LandingPage"/>
</testsuite> <!-- com.sarangjaiswal.POM.pages.LandingPage -->
