<?xml version="1.0" encoding="UTF-8"?>
<!-- Generated by org.testng.reporters.JUnitReportReporter -->
<testsuite hostname="SARANG-PC" name="com.sarangjaiswal.POM.testcases.LoginTest" tests="1" failures="0" timestamp="19 Jun 2017 13:45:24 GMT" time="38.275" errors="0">
  <testcase name="logintest" time="38.275" classname="com.sarangjaiswal.POM.testcases.LoginTest"/>
</testsuite> <!-- com.sarangjaiswal.POM.testcases.LoginTest -->
