<?xml version="1.0" encoding="UTF-8"?>
<!-- Generated by org.testng.reporters.JUnitReportReporter -->
<testsuite hostname="SARANG-PC" name="com.sarangjaiswal.HTTPCLIENT.tests.StatusCode" tests="1" failures="0" timestamp="23 Jun 2017 15:34:45 GMT" time="0.713" errors="0">
  <testcase name="testStatusCode" time="0.713" classname="com.sarangjaiswal.HTTPCLIENT.tests.StatusCode"/>
</testsuite> <!-- com.sarangjaiswal.HTTPCLIENT.tests.StatusCode -->
