<?xml version="1.0" encoding="UTF-8"?>
<!-- Generated by org.testng.reporters.JUnitReportReporter -->
<testsuite hostname="SARANG-PC" name="com.sarangjaiswal.HTTPCLIENT.tests.RegressionTest" tests="2" failures="0" timestamp="23 Jun 2017 16:27:31 GMT" time="1.998" errors="0">
  <testcase name="testStatusCode" time="0.633" classname="com.sarangjaiswal.HTTPCLIENT.tests.RegressionTest"/>
  <testcase name="testMIMEtype" time="1.365" classname="com.sarangjaiswal.HTTPCLIENT.tests.RegressionTest"/>
</testsuite> <!-- com.sarangjaiswal.HTTPCLIENT.tests.RegressionTest -->
